{"D:\\DEV\\JS\\hello-jest\\app.js": {"path":"D:\\DEV\\JS\\hello-jest\\app.js","statementMap":{"0":{"start":{"line":1,"column":17},"end":{"line":1,"column":30}},"1":{"start":{"line":4,"column":19},"end":{"line":4,"column":49}},"2":{"start":{"line":5,"column":2},"end":{"line":5,"column":43}},"3":{"start":{"line":6,"column":2},"end":{"line":6,"column":26}},"4":{"start":{"line":9,"column":0},"end":{"line":11,"column":1}}},"fnMap":{"0":{"name":"isPalindrom","decl":{"start":{"line":3,"column":9},"end":{"line":3,"column":20}},"loc":{"start":{"line":3,"column":26},"end":{"line":7,"column":1}},"line":3}},"branchMap":{},"s":{"0":1,"1":1,"2":1,"3":1,"4":1},"f":{"0":1},"b":{},"_coverageSchema":"1a1c01bbd47fc00a2c39e90264f33305004495a9","hash":"5bc7f97c18e30cabca40e1d59501bdc1be7ff0d0"}
}
